

 SAP2000 v14.0.0 Advanced (Analysis Build 8802/32)
 File: C:\Users\Francesco\Desk...o metallico\Castelletto con profili cavi q..LOG




 B E G I N   A N A L Y S I S                                2015/03/12  19:04:27


 RUNNING ANALYSIS WITHIN THE GUI PROCESS
 USING THE ADVANCED SOLVER (PROVIDES LIMITED INSTABILITY INFORMATION)


 E L E M E N T   F O R M A T I O N                                      19:04:27



 L I N E A R   E Q U A T I O N   S O L U T I O N                        19:04:27

 FORMING STIFFNESS AT ZERO (UNSTRESSED) INITIAL CONDITIONS

 TOTAL NUMBER OF EQUILIBRIUM EQUATIONS     =         168
 NUMBER OF NON-ZERO STIFFNESS TERMS        =        3036

 NUMBER OF EIGENVALUES BELOW SHIFT         =           0


 L I N E A R   S T A T I C   C A S E S                                  19:04:27

 USING STIFFNESS AT ZERO (UNSTRESSED) INITIAL CONDITIONS

 TOTAL NUMBER OF CASES TO SOLVE            =           6
 NUMBER OF CASES TO SOLVE PER BLOCK        =           6

 LINEAR STATIC CASES TO BE SOLVED:

 CASE: DEAD
 CASE: VETRO
 CASE: S-PUNTONE
 CASE: S-TIRANTE
 CASE: F-VENTO
 CASE: Q-NEVE


 N O N L I N E A R   S T A T I C   A N A L Y S I S                      19:04:27

 CASE: P_DELTA
 STARTING FROM ZERO (UNSTRESSED) INITIAL CONDITIONS
 LOAD CONTROL TYPE                         =       FORCE
 NUMBER OF STAGES                          =           0
 TYPE OF GEOMETRIC NONLINEARITY            = LARGE DISPLACEMENT AND P-DELTA
 INCLUDE ELASTIC MATERIAL NONLINEARITY     =         YES
 INCLUDE INELASTIC MATERIAL NONLINEARITY   =         YES
 METHOD TO USE WHEN HINGES DROP LOAD       = UNLOAD ENTIRE STRUCTURE
 SAVE POSITIVE INCREMENTS ONLY             =         YES
 RELATIVE FORCE CONVERGENCE TOLERANCE      =    0.000100
 RELATIVE EVENT TOLERANCE                  =    0.010000

  Saved    Null   Total  Iteration   Relative  Curr Step   Curr Sum    Max Sum
  Steps   Steps   Steps  this Step  Unbalance       Size   of Steps   of Steps
 (    1      50     200      10/40   1.000000   1.000000   1.000000   1.000000)

      0       0       1          1  43570.141   1.000000    .000000    .000000
      0       0       1          2  41165.349   1.000000    .000000    .000000
      0       0       1          3  58532.054   1.000000    .000000    .000000
      0       0       1          4  58149.950   1.000000    .000000    .000000
      0       0       1          5  21372.894   1.000000    .000000    .000000
      0       0       1          6 733.272472   1.000000    .000000    .000000
      0       0       1          7  22922.963   1.000000    .000000    .000000
      0       0       1          8  30844.938   1.000000    .000000    .000000
      0       0       1          1  30613.739   1.000000    .000000    .000000
      0       0       1          2  12.384836   1.000000    .000000    .000000
      0       0       1          3   6.639555   1.000000    .000000    .000000
      0       0       1  Conv    4   0.003467   1.000000   1.000000   1.000000

 TIME FOR INITIALIZING ANALYSIS            =        0.01
 TIME FOR CONTROLLING ANALYSIS             =        0.13
 TIME FOR FORMING STIFFNESS MATRIX         =        0.16
 TIME FOR SOLVING STIFFNESS MATRIX         =        0.45
 TIME FOR CALCULATING DISPLACEMENTS        =        0.27
 TIME FOR DETERMINING EVENTS               =        0.06
 TIME FOR UPDATING STATE                   =        0.07
                                               ----------
 TOTAL TIME FOR THIS ANALYSIS              =        1.15


 E L E M E N T   F O R M A T I O N                                      19:04:28



 L I N E A R   E Q U A T I O N   S O L U T I O N                        19:04:31

 FORMING STIFFNESS AT THE END OF CASE: P_DELTA

 TOTAL NUMBER OF EQUILIBRIUM EQUATIONS     =         168
 NUMBER OF NON-ZERO STIFFNESS TERMS        =        3036

 NUMBER OF EIGENVALUES BELOW SHIFT         =           0


 L I N E A R   B U C K L I N G   A N A L Y S I S                        19:04:31

 CASE: BUCKLING TOTAL

 USING STIFFNESS AT THE END OF CASE:

 NUMBER OF STIFFNESS DEGREES OF FREEDOM    =         168
 NUMBER OF BUCKLING MODES SOUGHT           =           6
 NUMBER OF SUBSPACE VECTORS USED           =          24

 RELATIVE CONVERGENCE TOLERANCE            =    1.00E-09


 Iteration  Approximations to next lowest eigenvalues...
         1  4.723597692E+01  6.252204960E+01  7.900141098E+01  9.985361287E+01
         2  3.389127060E+01  5.492097787E+01  7.110942771E+01  9.732487054E+01
         3  3.371864040E+01  5.476908701E+01  7.091841001E+01  9.710262887E+01
         4  3.371689408E+01  5.476520247E+01  7.091065173E+01  9.708882087E+01
         5  3.371687405E+01  5.476509156E+01  7.091027457E+01  9.708793020E+01
         6  3.371687381E+01  5.476508825E+01  7.091025807E+01  9.708786659E+01
         7  3.371687381E+01  5.476508814E+01  7.091025741E+01  9.708786172E+01

     Found mode       1 of       6,  Eigenvalue =   3.371687381E+01
     Found mode       2 of       6,  Eigenvalue =   5.476508814E+01

 Iteration  Approximations to next lowest eigenvalues...
         7  7.091025741E+01  9.708786172E+01  9.809069059E+01  9.958256416E+01
         8  7.091025739E+01  9.708786133E+01  9.809067123E+01  9.958253495E+01

     Found mode       3 of       6,  Eigenvalue =   7.091025739E+01

 Iteration  Approximations to next lowest eigenvalues...
         8  9.708786133E+01  9.809067123E+01  9.958253495E+01  1.086403538E+02
         9  9.708786130E+01  9.809066969E+01  9.958253246E+01  1.086403092E+02

     Found mode       4 of       6,  Eigenvalue =   9.708786130E+01

 Iteration  Approximations to next lowest eigenvalues...
         9  9.809066969E+01  9.958253246E+01  1.086403092E+02  1.151017872E+02
        10  9.809066954E+01  9.958253222E+01  1.086403036E+02  1.151017806E+02

     Found mode       5 of       6,  Eigenvalue =   9.809066954E+01

 Iteration  Approximations to next lowest eigenvalues...
        10  9.958253222E+01  1.086403036E+02  1.151017806E+02 -1.243610194E+02
        11  9.958253220E+01  1.086403030E+02  1.151017801E+02 -1.243610188E+02

     Found mode       6 of       6,  Eigenvalue =   9.958253220E+01

 NUMBER OF BUCKLING MODES FOUND            =           6
 NUMBER OF ITERATIONS PERFORMED            =          11


 A N A L Y S I S   C O M P L E T E                          2015/03/12  19:04:31
