

 SAP2000 v14.0.0 Advanced (Analysis Build 8802/32)
 File: C:\Users\Francesco\Desk...o metallico\Castelletto c. q. + controventi.LOG




 B E G I N   A N A L Y S I S                                2015/03/23  19:13:07


 RUNNING ANALYSIS WITHIN THE GUI PROCESS
 USING THE ADVANCED SOLVER (PROVIDES LIMITED INSTABILITY INFORMATION)


 E L E M E N T   F O R M A T I O N                                      19:13:07



 L I N E A R   E Q U A T I O N   S O L U T I O N                        19:13:07

 FORMING STIFFNESS AT ZERO (UNSTRESSED) INITIAL CONDITIONS

 TOTAL NUMBER OF EQUILIBRIUM EQUATIONS     =         168
 NUMBER OF NON-ZERO STIFFNESS TERMS        =        3396

 NUMBER OF EIGENVALUES BELOW SHIFT         =           0


 L I N E A R   S T A T I C   C A S E S                                  19:13:07

 USING STIFFNESS AT ZERO (UNSTRESSED) INITIAL CONDITIONS

 TOTAL NUMBER OF CASES TO SOLVE            =           8
 NUMBER OF CASES TO SOLVE PER BLOCK        =           8

 LINEAR STATIC CASES TO BE SOLVED:

 CASE: DEAD
 CASE: VETRO
 CASE: S-PUNTONE
 CASE: S-TIRANTE
 CASE: F-VENTO
 CASE: Q-NEVE
 CASE: VETRO 2
 CASE: PORTA


 N O N L I N E A R   S T A T I C   A N A L Y S I S                      19:13:07

 CASE: P_DELTA
 STARTING FROM ZERO (UNSTRESSED) INITIAL CONDITIONS
 LOAD CONTROL TYPE                         =       FORCE
 NUMBER OF STAGES                          =           0
 TYPE OF GEOMETRIC NONLINEARITY            = LARGE DISPLACEMENT AND P-DELTA
 INCLUDE ELASTIC MATERIAL NONLINEARITY     =         YES
 INCLUDE INELASTIC MATERIAL NONLINEARITY   =         YES
 METHOD TO USE WHEN HINGES DROP LOAD       = UNLOAD ENTIRE STRUCTURE
 SAVE POSITIVE INCREMENTS ONLY             =         YES
 RELATIVE FORCE CONVERGENCE TOLERANCE      =    0.000100
 RELATIVE EVENT TOLERANCE                  =    0.010000

  Saved    Null   Total  Iteration   Relative  Curr Step   Curr Sum    Max Sum
  Steps   Steps   Steps  this Step  Unbalance       Size   of Steps   of Steps
 (    1      50     200      10/40   1.000000   1.000000   1.000000   1.000000)

      0       0       1          1   7644.472   1.000000    .000000    .000000
      0       0       1          2 382.271979   1.000000    .000000    .000000
      0       0       1          3 573.170861   1.000000    .000000    .000000
      0       0       1          4  64.843833   1.000000    .000000    .000000
      0       0       1          5  46.454865   1.000000    .000000    .000000
      0       0       1          6   7.827465   1.000000    .000000    .000000
      0       0       1          7   3.936039   1.000000    .000000    .000000
      0       0       1  Conv    8   0.835882   1.000000   1.000000   1.000000

 TIME FOR INITIALIZING ANALYSIS            =        0.00
 TIME FOR CONTROLLING ANALYSIS             =        0.11
 TIME FOR FORMING STIFFNESS MATRIX         =        0.00
 TIME FOR SOLVING STIFFNESS MATRIX         =        0.09
 TIME FOR CALCULATING DISPLACEMENTS        =        0.08
 TIME FOR DETERMINING EVENTS               =        0.00
 TIME FOR UPDATING STATE                   =        0.06
                                               ----------
 TOTAL TIME FOR THIS ANALYSIS              =        0.34


 E L E M E N T   F O R M A T I O N                                      19:13:08



 L I N E A R   E Q U A T I O N   S O L U T I O N                        19:13:10

 FORMING STIFFNESS AT THE END OF CASE: P_DELTA

 TOTAL NUMBER OF EQUILIBRIUM EQUATIONS     =         168
 NUMBER OF NON-ZERO STIFFNESS TERMS        =        3396

 NUMBER OF EIGENVALUES BELOW SHIFT         =           0


 L I N E A R   B U C K L I N G   A N A L Y S I S                        19:13:10

 CASE: BUCKLING TOTAL

 USING STIFFNESS AT THE END OF CASE:

 NUMBER OF STIFFNESS DEGREES OF FREEDOM    =         168
 NUMBER OF BUCKLING MODES SOUGHT           =           6
 NUMBER OF SUBSPACE VECTORS USED           =          24

 RELATIVE CONVERGENCE TOLERANCE            =    1.00E-09


 Iteration  Approximations to next lowest eigenvalues...
         1  1.112024946E+02  1.504726272E+02  1.795062889E+02  1.958387584E+02
         2  1.035293125E+02  1.071094311E+02  1.427691430E+02  1.743552162E+02
         3  1.012334581E+02  1.067764696E+02  1.400184061E+02  1.732163592E+02
         4  1.011274912E+02  1.067651312E+02  1.398321544E+02  1.730933503E+02
         5  1.011221240E+02  1.067643283E+02  1.398188070E+02  1.730756143E+02
         6  1.011218352E+02  1.067642712E+02  1.398178547E+02  1.730725984E+02
         7  1.011218206E+02  1.067642676E+02  1.398177890E+02  1.730720886E+02
         8  1.011218199E+02  1.067642674E+02  1.398177847E+02  1.730720120E+02
         9  1.011218199E+02  1.067642674E+02  1.398177844E+02  1.730720021E+02

     Found mode       1 of       6,  Eigenvalue =   1.011218199E+02
     Found mode       2 of       6,  Eigenvalue =   1.067642674E+02
     Found mode       3 of       6,  Eigenvalue =   1.398177844E+02

 Iteration  Approximations to next lowest eigenvalues...
         9  1.730720021E+02  1.842143960E+02  2.055090849E+02  2.194652948E+02
        10  1.730720009E+02  1.842143930E+02  2.055090276E+02  2.194652799E+02
        11  1.730720008E+02  1.842143927E+02  2.055090223E+02  2.194652783E+02

     Found mode       4 of       6,  Eigenvalue =   1.730720008E+02
     Found mode       5 of       6,  Eigenvalue =   1.842143927E+02

 Iteration  Approximations to next lowest eigenvalues...
        11  2.055090223E+02  2.194652783E+02 -2.530873252E+02 -2.634067014E+02
        12  2.055090216E+02  2.194652781E+02 -2.530873149E+02 -2.634066665E+02
        13  2.055090216E+02  2.194652781E+02 -2.530873134E+02 -2.634066607E+02

     Found mode       6 of       6,  Eigenvalue =   2.055090216E+02

 NUMBER OF BUCKLING MODES FOUND            =           6
 NUMBER OF ITERATIONS PERFORMED            =          13


 A N A L Y S I S   C O M P L E T E                          2015/03/23  19:13:11
